<?xml version="1.0" encoding="UTF-8"?>
<!-- Generated by org.testng.reporters.JUnitReportReporter -->
<testsuite skipped="0" hostname="DIN16004011" name="Basic.PriotizeTestCase_5" tests="4" failures="0" timestamp="19 Apr 2017 07:30:48 GMT" time="0.020" errors="0">
  <testcase name="One" time="0.010" classname="Basic.PriotizeTestCase_5"/>
  <testcase name="AThree" time="0.000" classname="Basic.PriotizeTestCase_5"/>
  <testcase name="BTwo" time="0.010" classname="Basic.PriotizeTestCase_5"/>
  <testcase name="Four" time="0.000" classname="Basic.PriotizeTestCase_5"/>
</testsuite> <!-- Basic.PriotizeTestCase_5 -->
