<?xml version="1.0" encoding="UTF-8"?>
<!-- Generated by org.testng.reporters.JUnitReportReporter -->
<testsuite skipped="0" hostname="DIN16004011" name="Basic.DataProvider_10" tests="2" failures="0" timestamp="19 Apr 2017 07:51:39 GMT" time="0.010" errors="0">
  <testcase name="Login" time="0.000" classname="Basic.DataProvider_10"/>
  <testcase name="Login" time="0.010" classname="Basic.DataProvider_10"/>
</testsuite> <!-- Basic.DataProvider_10 -->
