<?xml version="1.0" encoding="UTF-8"?>
<!-- Generated by org.testng.reporters.JUnitReportReporter -->
<testsuite skipped="0" hostname="DIN16004011" name="Basic.DependantTestCase_4" tests="3" failures="0" timestamp="19 Apr 2017 07:28:21 GMT" time="0.010" errors="0">
  <testcase name="LogOut" time="0.000" classname="Basic.DependantTestCase_4"/>
  <testcase name="SignIn" time="0.000" classname="Basic.DependantTestCase_4"/>
  <testcase name="OpenBrowser" time="0.010" classname="Basic.DependantTestCase_4"/>
</testsuite> <!-- Basic.DependantTestCase_4 -->
