<?xml version="1.0" encoding="UTF-8"?>
<!-- Generated by org.testng.reporters.JUnitReportReporter -->
<testsuite skipped="0" hostname="DIN16004011" name="Basic.TestCaseGroup_3" tests="3" failures="0" timestamp="19 Apr 2017 07:23:43 GMT" time="0.020" errors="0">
  <testcase name="Login" time="0.000" classname="Basic.TestCaseGroup_3"/>
  <testcase name="Register" time="0.010" classname="Basic.TestCaseGroup_3"/>
  <testcase name="LogOut" time="0.010" classname="Basic.TestCaseGroup_3"/>
</testsuite> <!-- Basic.TestCaseGroup_3 -->
