<?xml version="1.0" encoding="UTF-8"?>
<!-- Generated by org.testng.reporters.JUnitReportReporter -->
<testsuite skipped="1" hostname="DIN16004011" name="Basic.LoggingTestCase_7" tests="4" failures="0" timestamp="19 Apr 2017 07:33:45 GMT" time="0.010" errors="0">
  <testcase name="One" time="0.010" classname="Basic.LoggingTestCase_7"/>
  <testcase name="Two" time="0.000" classname="Basic.LoggingTestCase_7"/>
  <testcase name="Four" time="0.000" classname="Basic.LoggingTestCase_7"/>
  <testcase name="Three" classname="Basic.LoggingTestCase_7">
    <skipped/>
  </testcase> <!-- Three -->
</testsuite> <!-- Basic.LoggingTestCase_7 -->
