<?xml version="1.0" encoding="UTF-8"?>
<!-- Generated by org.testng.reporters.JUnitReportReporter -->
<testsuite skipped="1" hostname="Faith" name="Basic.SkippingTestCase_6" tests="4" failures="0" timestamp="15 Apr 2017 12:47:30 GMT" time="0.030" errors="0">
  <testcase name="One" time="0.021" classname="Basic.SkippingTestCase_6"/>
  <testcase name="Two" time="0.005" classname="Basic.SkippingTestCase_6"/>
  <testcase name="Four" time="0.004" classname="Basic.SkippingTestCase_6"/>
  <testcase name="Three" classname="Basic.SkippingTestCase_6">
    <skipped/>
  </testcase> <!-- Three -->
</testsuite> <!-- Basic.SkippingTestCase_6 -->
