<?xml version="1.0" encoding="UTF-8"?>
<!-- Generated by org.testng.reporters.JUnitReportReporter -->
<testsuite skipped="0" hostname="DIN16004011" name="Basic.Annotations" tests="4" failures="0" timestamp="19 Apr 2017 08:01:33 GMT" time="0.008" errors="0">
  <testcase name="Register" time="0.002" classname="Basic.Annotations"/>
  <testcase name="Register" time="0.004" classname="Basic.Annotations"/>
  <testcase name="Login" time="0.001" classname="Basic.Annotations"/>
  <testcase name="Login" time="0.001" classname="Basic.Annotations"/>
</testsuite> <!-- Basic.Annotations -->
