<?xml version="1.0" encoding="UTF-8"?>
<!-- Generated by org.testng.reporters.JUnitReportReporter -->
<testsuite skipped="0" hostname="Faith" name="Basic.EssentialAnnotation" tests="1" failures="0" timestamp="15 Apr 2017 12:21:37 GMT" time="0.010" errors="0">
  <testcase name="Login" time="0.010" classname="Basic.EssentialAnnotation"/>
</testsuite> <!-- Basic.EssentialAnnotation -->
