<?xml version="1.0" encoding="UTF-8"?>
<!-- Generated by org.testng.reporters.JUnitReportReporter -->
<testsuite skipped="0" hostname="Faith" name="Basic.Parameter_9" tests="1" failures="0" timestamp="15 Apr 2017 13:15:23 GMT" time="0.024" errors="0">
  <testcase name="Login" time="0.024" classname="Basic.Parameter_9"/>
</testsuite> <!-- Basic.Parameter_9 -->
